<?xml version="1.0" encoding="UTF-8"?>
<testng-results total="2" passed="2" failed="0" skipped="0">
  <reporter-output>
  </reporter-output>
  <suite started-at="2019-08-19T12:56:25Z" name="Default suite" finished-at="2019-08-19T12:59:48Z" duration-ms="202999">
    <groups>
    </groups>
    <test started-at="2019-08-19T12:56:25Z" name="Default test" finished-at="2019-08-19T12:59:48Z" duration-ms="202999">
      <class name="testCases.TestCase">
        <test-method is-config="true" signature="beforeTest()[pri:0, instance:testCases.TestCase@f6efaab]" started-at="2019-08-19T18:26:25Z" name="beforeTest" finished-at="2019-08-19T18:26:26Z" duration-ms="492" status="PASS">
          <reporter-output>
          </reporter-output>
        </test-method> <!-- beforeTest -->
        <test-method is-config="true" signature="beforeMethod(java.lang.reflect.Method)[pri:0, instance:testCases.TestCase@f6efaab]" started-at="2019-08-19T18:26:26Z" name="beforeMethod" finished-at="2019-08-19T18:26:26Z" duration-ms="8" status="PASS">
          <params>
            <param index="0">
              <value>
                <![CDATA[public void testCases.TestCase.TC_01_AddProfile_ValidData()]]>
              </value>
            </param>
          </params>
          <reporter-output>
          </reporter-output>
        </test-method> <!-- beforeMethod -->
        <test-method signature="TC_01_AddProfile_ValidData()[pri:0, instance:testCases.TestCase@f6efaab]" started-at="2019-08-19T18:26:26Z" name="TC_01_AddProfile_ValidData" finished-at="2019-08-19T18:27:19Z" duration-ms="53267" status="PASS">
          <reporter-output>
          </reporter-output>
        </test-method> <!-- TC_01_AddProfile_ValidData -->
        <test-method is-config="true" signature="afterMethod(org.testng.ITestResult, java.lang.reflect.Method)[pri:0, instance:testCases.TestCase@f6efaab]" started-at="2019-08-19T18:27:19Z" name="afterMethod" finished-at="2019-08-19T18:27:19Z" duration-ms="508" status="PASS">
          <params>
            <param index="0">
              <value>
                <![CDATA[[TestResult name=TC_01_AddProfile_ValidData status=SUCCESS method=TestCase.TC_01_AddProfile_ValidData()[pri:0, instance:testCases.TestCase@f6efaab] output={null}]]]>
              </value>
            </param>
            <param index="1">
              <value>
                <![CDATA[public void testCases.TestCase.TC_01_AddProfile_ValidData()]]>
              </value>
            </param>
          </params>
          <reporter-output>
          </reporter-output>
        </test-method> <!-- afterMethod -->
        <test-method is-config="true" signature="beforeMethod(java.lang.reflect.Method)[pri:0, instance:testCases.TestCase@f6efaab]" started-at="2019-08-19T18:27:19Z" name="beforeMethod" finished-at="2019-08-19T18:27:19Z" duration-ms="1" status="PASS">
          <params>
            <param index="0">
              <value>
                <![CDATA[public void testCases.TestCase.TC_02_AddProfile_ValidData()]]>
              </value>
            </param>
          </params>
          <reporter-output>
          </reporter-output>
        </test-method> <!-- beforeMethod -->
        <test-method signature="TC_02_AddProfile_ValidData()[pri:0, instance:testCases.TestCase@f6efaab]" started-at="2019-08-19T18:27:19Z" name="TC_02_AddProfile_ValidData" finished-at="2019-08-19T18:29:48Z" duration-ms="148397" status="PASS">
          <reporter-output>
          </reporter-output>
        </test-method> <!-- TC_02_AddProfile_ValidData -->
        <test-method is-config="true" signature="afterMethod(org.testng.ITestResult, java.lang.reflect.Method)[pri:0, instance:testCases.TestCase@f6efaab]" started-at="2019-08-19T18:29:48Z" name="afterMethod" finished-at="2019-08-19T18:29:48Z" duration-ms="167" status="PASS">
          <params>
            <param index="0">
              <value>
                <![CDATA[[TestResult name=TC_02_AddProfile_ValidData status=SUCCESS method=TestCase.TC_02_AddProfile_ValidData()[pri:0, instance:testCases.TestCase@f6efaab] output={null}]]]>
              </value>
            </param>
            <param index="1">
              <value>
                <![CDATA[public void testCases.TestCase.TC_02_AddProfile_ValidData()]]>
              </value>
            </param>
          </params>
          <reporter-output>
          </reporter-output>
        </test-method> <!-- afterMethod -->
        <test-method is-config="true" signature="afterTest()[pri:0, instance:testCases.TestCase@f6efaab]" started-at="2019-08-19T18:29:48Z" name="afterTest" finished-at="2019-08-19T18:29:48Z" duration-ms="136" status="PASS">
          <reporter-output>
          </reporter-output>
        </test-method> <!-- afterTest -->
      </class> <!-- testCases.TestCase -->
    </test> <!-- Default test -->
  </suite> <!-- Default suite -->
</testng-results>
