<?xml version="1.0" encoding="UTF-8"?>
<testng-results total="5" passed="5" failed="0" skipped="0">
  <reporter-output>
  </reporter-output>
  <suite started-at="2024-08-28T08:38:07Z" name="TestAutothon" finished-at="2024-08-28T08:40:26Z" duration-ms="138527">
    <groups>
    </groups>
    <test started-at="2024-08-28T08:38:07Z" name="TestCases" finished-at="2024-08-28T08:40:26Z" duration-ms="138527">
      <class name="testCases.Step_IN_Sequential">
        <test-method is-config="true" signature="beforeTest()[pri:0, instance:testCases.Step_IN_Sequential@16414e40]" started-at="2024-08-28T14:08:07Z" name="beforeTest" finished-at="2024-08-28T14:08:07Z" duration-ms="119" status="PASS">
          <reporter-output>
          </reporter-output>
        </test-method> <!-- beforeTest -->
        <test-method is-config="true" signature="beforeMethod(java.lang.reflect.Method)[pri:0, instance:testCases.Step_IN_Sequential@16414e40]" started-at="2024-08-28T14:08:07Z" name="beforeMethod" finished-at="2024-08-28T14:08:07Z" duration-ms="6" status="PASS">
          <params>
            <param index="0">
              <value>
                <![CDATA[public void testCases.Step_IN_Sequential.TC_UI_Launch_IndianExpress()]]>
              </value>
            </param>
          </params>
          <reporter-output>
          </reporter-output>
        </test-method> <!-- beforeMethod -->
        <test-method signature="TC_UI_Launch_IndianExpress()[pri:0, instance:testCases.Step_IN_Sequential@16414e40]" started-at="2024-08-28T14:08:07Z" name="TC_UI_Launch_IndianExpress" finished-at="2024-08-28T14:08:24Z" duration-ms="17167" status="PASS">
          <reporter-output>
          </reporter-output>
        </test-method> <!-- TC_UI_Launch_IndianExpress -->
        <test-method is-config="true" signature="afterMethod(org.testng.ITestResult, java.lang.reflect.Method)[pri:0, instance:testCases.Step_IN_Sequential@16414e40]" started-at="2024-08-28T14:08:24Z" name="afterMethod" finished-at="2024-08-28T14:08:25Z" duration-ms="516" status="PASS">
          <params>
            <param index="0">
              <value>
                <![CDATA[[TestResult name=TC_UI_Launch_IndianExpress status=SUCCESS method=Step_IN_Sequential.TC_UI_Launch_IndianExpress()[pri:0, instance:testCases.Step_IN_Sequential@16414e40] output={null}]]]>
              </value>
            </param>
            <param index="1">
              <value>
                <![CDATA[public void testCases.Step_IN_Sequential.TC_UI_Launch_IndianExpress()]]>
              </value>
            </param>
          </params>
          <reporter-output>
          </reporter-output>
        </test-method> <!-- afterMethod -->
        <test-method is-config="true" signature="beforeMethod(java.lang.reflect.Method)[pri:0, instance:testCases.Step_IN_Sequential@16414e40]" started-at="2024-08-28T14:08:25Z" name="beforeMethod" finished-at="2024-08-28T14:08:25Z" duration-ms="1" status="PASS">
          <params>
            <param index="0">
              <value>
                <![CDATA[public void testCases.Step_IN_Sequential.TC_UI_Search_StepInForum()]]>
              </value>
            </param>
          </params>
          <reporter-output>
          </reporter-output>
        </test-method> <!-- beforeMethod -->
        <test-method signature="TC_UI_Search_StepInForum()[pri:0, instance:testCases.Step_IN_Sequential@16414e40]" started-at="2024-08-28T14:08:25Z" name="TC_UI_Search_StepInForum" finished-at="2024-08-28T14:09:47Z" duration-ms="81884" status="PASS">
          <reporter-output>
          </reporter-output>
        </test-method> <!-- TC_UI_Search_StepInForum -->
        <test-method is-config="true" signature="afterMethod(org.testng.ITestResult, java.lang.reflect.Method)[pri:0, instance:testCases.Step_IN_Sequential@16414e40]" started-at="2024-08-28T14:09:47Z" name="afterMethod" finished-at="2024-08-28T14:09:47Z" duration-ms="419" status="PASS">
          <params>
            <param index="0">
              <value>
                <![CDATA[[TestResult name=TC_UI_Search_StepInForum status=SUCCESS method=Step_IN_Sequential.TC_UI_Search_StepInForum()[pri:0, instance:testCases.Step_IN_Sequential@16414e40] output={null}]]]>
              </value>
            </param>
            <param index="1">
              <value>
                <![CDATA[public void testCases.Step_IN_Sequential.TC_UI_Search_StepInForum()]]>
              </value>
            </param>
          </params>
          <reporter-output>
          </reporter-output>
        </test-method> <!-- afterMethod -->
        <test-method is-config="true" signature="beforeMethod(java.lang.reflect.Method)[pri:0, instance:testCases.Step_IN_Sequential@16414e40]" started-at="2024-08-28T14:09:47Z" name="beforeMethod" finished-at="2024-08-28T14:09:47Z" duration-ms="2" status="PASS">
          <params>
            <param index="0">
              <value>
                <![CDATA[public void testCases.Step_IN_Sequential.TC_Mob_Launch()]]>
              </value>
            </param>
          </params>
          <reporter-output>
          </reporter-output>
        </test-method> <!-- beforeMethod -->
        <test-method signature="TC_Mob_Launch()[pri:0, instance:testCases.Step_IN_Sequential@16414e40]" started-at="2024-08-28T14:09:47Z" name="TC_Mob_Launch" finished-at="2024-08-28T14:10:11Z" duration-ms="23679" status="PASS">
          <reporter-output>
          </reporter-output>
        </test-method> <!-- TC_Mob_Launch -->
        <test-method is-config="true" signature="afterMethod(org.testng.ITestResult, java.lang.reflect.Method)[pri:0, instance:testCases.Step_IN_Sequential@16414e40]" started-at="2024-08-28T14:10:11Z" name="afterMethod" finished-at="2024-08-28T14:10:11Z" duration-ms="52" status="PASS">
          <params>
            <param index="0">
              <value>
                <![CDATA[[TestResult name=TC_Mob_Launch status=SUCCESS method=Step_IN_Sequential.TC_Mob_Launch()[pri:0, instance:testCases.Step_IN_Sequential@16414e40] output={null}]]]>
              </value>
            </param>
            <param index="1">
              <value>
                <![CDATA[public void testCases.Step_IN_Sequential.TC_Mob_Launch()]]>
              </value>
            </param>
          </params>
          <reporter-output>
          </reporter-output>
        </test-method> <!-- afterMethod -->
        <test-method signature="TC_Mob_GoToDetailPage()[pri:0, instance:testCases.Step_IN_Sequential@16414e40]" started-at="2024-08-28T14:10:11Z" name="TC_Mob_GoToDetailPage" finished-at="2024-08-28T14:10:16Z" duration-ms="5229" status="PASS">
          <reporter-output>
          </reporter-output>
        </test-method> <!-- TC_Mob_GoToDetailPage -->
        <test-method is-config="true" signature="beforeMethod(java.lang.reflect.Method)[pri:0, instance:testCases.Step_IN_Sequential@16414e40]" started-at="2024-08-28T14:10:11Z" name="beforeMethod" finished-at="2024-08-28T14:10:11Z" duration-ms="0" status="PASS">
          <params>
            <param index="0">
              <value>
                <![CDATA[public void testCases.Step_IN_Sequential.TC_Mob_GoToDetailPage()]]>
              </value>
            </param>
          </params>
          <reporter-output>
          </reporter-output>
        </test-method> <!-- beforeMethod -->
        <test-method is-config="true" signature="afterMethod(org.testng.ITestResult, java.lang.reflect.Method)[pri:0, instance:testCases.Step_IN_Sequential@16414e40]" started-at="2024-08-28T14:10:16Z" name="afterMethod" finished-at="2024-08-28T14:10:16Z" duration-ms="67" status="PASS">
          <params>
            <param index="0">
              <value>
                <![CDATA[[TestResult name=TC_Mob_GoToDetailPage status=SUCCESS method=Step_IN_Sequential.TC_Mob_GoToDetailPage()[pri:0, instance:testCases.Step_IN_Sequential@16414e40] output={null}]]]>
              </value>
            </param>
            <param index="1">
              <value>
                <![CDATA[public void testCases.Step_IN_Sequential.TC_Mob_GoToDetailPage()]]>
              </value>
            </param>
          </params>
          <reporter-output>
          </reporter-output>
        </test-method> <!-- afterMethod -->
        <test-method is-config="true" signature="beforeMethod(java.lang.reflect.Method)[pri:0, instance:testCases.Step_IN_Sequential@16414e40]" started-at="2024-08-28T14:10:16Z" name="beforeMethod" finished-at="2024-08-28T14:10:16Z" duration-ms="1" status="PASS">
          <params>
            <param index="0">
              <value>
                <![CDATA[public void testCases.Step_IN_Sequential.TC_Mob_GetProducts()]]>
              </value>
            </param>
          </params>
          <reporter-output>
          </reporter-output>
        </test-method> <!-- beforeMethod -->
        <test-method signature="TC_Mob_GetProducts()[pri:0, instance:testCases.Step_IN_Sequential@16414e40]" started-at="2024-08-28T14:10:16Z" name="TC_Mob_GetProducts" finished-at="2024-08-28T14:10:25Z" duration-ms="9285" status="PASS">
          <reporter-output>
          </reporter-output>
        </test-method> <!-- TC_Mob_GetProducts -->
        <test-method is-config="true" signature="afterMethod(org.testng.ITestResult, java.lang.reflect.Method)[pri:0, instance:testCases.Step_IN_Sequential@16414e40]" started-at="2024-08-28T14:10:25Z" name="afterMethod" finished-at="2024-08-28T14:10:26Z" duration-ms="33" status="PASS">
          <params>
            <param index="0">
              <value>
                <![CDATA[[TestResult name=TC_Mob_GetProducts status=SUCCESS method=Step_IN_Sequential.TC_Mob_GetProducts()[pri:0, instance:testCases.Step_IN_Sequential@16414e40] output={null}]]]>
              </value>
            </param>
            <param index="1">
              <value>
                <![CDATA[public void testCases.Step_IN_Sequential.TC_Mob_GetProducts()]]>
              </value>
            </param>
          </params>
          <reporter-output>
          </reporter-output>
        </test-method> <!-- afterMethod -->
        <test-method is-config="true" signature="afterTest()[pri:0, instance:testCases.Step_IN_Sequential@16414e40]" started-at="2024-08-28T14:10:26Z" name="afterTest" finished-at="2024-08-28T14:10:26Z" duration-ms="40" status="PASS">
          <reporter-output>
          </reporter-output>
        </test-method> <!-- afterTest -->
      </class> <!-- testCases.Step_IN_Sequential -->
    </test> <!-- TestCases -->
  </suite> <!-- TestAutothon -->
</testng-results>
