<?xml version="1.0" encoding="UTF-8"?>
<!-- Generated by org.testng.reporters.JUnitXMLReporter -->
<testsuite hostname="WKWZTkkju8qloIl" failures="0" tests="3" name="Default test" time="25.443" errors="0" timestamp="28 Aug 2024 06:05:51 GMT">
  <testcase classname="testCases.Step_IN_Mob" name="TC_Mob_Launch" time="17.038"/>
  <testcase classname="testCases.Step_IN_Mob" name="TC_Mob_GoToDetailPage" time="5.171"/>
  <testcase classname="testCases.Step_IN_Mob" name="TC_Mob_GetProducts" time="2.764"/>
</testsuite> <!-- Default test -->
