<?xml version="1.0" encoding="UTF-8"?>
<testng-results total="1" passed="1" failed="0" skipped="0">
  <reporter-output>
  </reporter-output>
  <suite started-at="2019-08-19T13:14:29Z" name="TestAutothon" finished-at="2019-08-19T13:14:48Z" duration-ms="18629">
    <groups>
    </groups>
    <test started-at="2019-08-19T13:14:29Z" name="TestCases" finished-at="2019-08-19T13:14:48Z" duration-ms="18629">
      <class name="testCases.TestCase">
        <test-method is-config="true" signature="beforeTest()[pri:0, instance:testCases.TestCase@6ca8564a]" started-at="2019-08-19T06:14:29Z" name="beforeTest" finished-at="2019-08-19T06:14:30Z" duration-ms="219" status="PASS">
          <reporter-output>
          </reporter-output>
        </test-method> <!-- beforeTest -->
        <test-method is-config="true" signature="beforeMethod(java.lang.reflect.Method)[pri:0, instance:testCases.TestCase@6ca8564a]" started-at="2019-08-19T06:14:30Z" name="beforeMethod" finished-at="2019-08-19T06:14:30Z" duration-ms="14" status="PASS">
          <params>
            <param index="0">
              <value>
                <![CDATA[public void testCases.TestCase.TC_01_AddProfile_ValidData()]]>
              </value>
            </param>
          </params>
          <reporter-output>
          </reporter-output>
        </test-method> <!-- beforeMethod -->
        <test-method signature="TC_01_AddProfile_ValidData()[pri:0, instance:testCases.TestCase@6ca8564a]" started-at="2019-08-19T06:14:30Z" name="TC_01_AddProfile_ValidData" finished-at="2019-08-19T06:14:47Z" duration-ms="17806" status="PASS">
          <reporter-output>
          </reporter-output>
        </test-method> <!-- TC_01_AddProfile_ValidData -->
        <test-method is-config="true" signature="afterMethod(org.testng.ITestResult, java.lang.reflect.Method)[pri:0, instance:testCases.TestCase@6ca8564a]" started-at="2019-08-19T06:14:47Z" name="afterMethod" finished-at="2019-08-19T06:14:48Z" duration-ms="480" status="PASS">
          <params>
            <param index="0">
              <value>
                <![CDATA[[TestResult name=TC_01_AddProfile_ValidData status=SUCCESS method=TestCase.TC_01_AddProfile_ValidData()[pri:0, instance:testCases.TestCase@6ca8564a] output={null}]]]>
              </value>
            </param>
            <param index="1">
              <value>
                <![CDATA[public void testCases.TestCase.TC_01_AddProfile_ValidData()]]>
              </value>
            </param>
          </params>
          <reporter-output>
          </reporter-output>
        </test-method> <!-- afterMethod -->
        <test-method is-config="true" signature="afterTest()[pri:0, instance:testCases.TestCase@6ca8564a]" started-at="2019-08-19T06:14:48Z" name="afterTest" finished-at="2019-08-19T06:14:48Z" duration-ms="110" status="PASS">
          <reporter-output>
          </reporter-output>
        </test-method> <!-- afterTest -->
      </class> <!-- testCases.TestCase -->
    </test> <!-- TestCases -->
  </suite> <!-- TestAutothon -->
</testng-results>
