# JRE version: Java(TM) SE Runtime Environment (12.0.1+12) (build 12.0.1+12)
# Java VM: Java HotSpot(TM) 64-Bit Server VM (12.0.1+12, mixed mode, sharing, tiered, compressed oops, g1 gc, windows-amd64)
Heap:
 garbage-first heap   total 51200K, used 16509K [0x0000000705a00000, 0x0000000800000000)
  region size 1024K, 5 young (5120K), 2 survivors (2048K)
 Metaspace       used 21933K, capacity 22667K, committed 22784K, reserved 1069056K
  class space    used 2695K, capacity 2958K, committed 3072K, reserved 1048576K
GC Heap History (8 events):
Event: 0.781 GC heap before
{Heap before GC invocations=0 (full 0):
 garbage-first heap   total 258048K, used 24576K [0x0000000705a00000, 0x0000000800000000)
  region size 1024K, 24 young (24576K), 0 survivors (0K)
 Metaspace       used 4946K, capacity 6031K, committed 6272K, reserved 1056768K
  class space    used 543K, capacity 607K, committed 640K, reserved 1048576K
}
Event: 0.785 GC heap after
{Heap after GC invocations=1 (full 0):
 garbage-first heap   total 258048K, used 8586K [0x0000000705a00000, 0x0000000800000000)
  region size 1024K, 3 young (3072K), 3 survivors (3072K)
 Metaspace       used 4946K, capacity 6031K, committed 6272K, reserved 1056768K
  class space    used 543K, capacity 607K, committed 640K, reserved 1048576K
}
Event: 2.166 GC heap before
{Heap before GC invocations=1 (full 0):
 garbage-first heap   total 258048K, used 90506K [0x0000000705a00000, 0x0000000800000000)
  region size 1024K, 84 young (86016K), 3 survivors (3072K)
 Metaspace       used 20541K, capacity 21198K, committed 21248K, reserved 1067008K
  class space    used 2526K, capacity 2788K, committed 2816K, reserved 1048576K
}
Event: 2.172 GC heap after
{Heap after GC invocations=2 (full 0):
 garbage-first heap   total 258048K, used 13263K [0x0000000705a00000, 0x0000000800000000)
  region size 1024K, 8 young (8192K), 8 survivors (8192K)
 Metaspace       used 20541K, capacity 21198K, committed 21248K, reserved 1067008K
  class space    used 2526K, capacity 2788K, committed 2816K, reserved 1048576K
}
Event: 77.453 GC heap before
{Heap before GC invocations=3 (full 0):
 garbage-first heap   total 51200K, used 32719K [0x0000000705a00000, 0x0000000800000000)
  region size 1024K, 28 young (28672K), 8 survivors (8192K)
 Metaspace       used 21708K, capacity 22441K, committed 22784K, reserved 1069056K
  class space    used 2669K, capacity 2946K, committed 3072K, reserved 1048576K
}
Event: 77.458 GC heap after
{Heap after GC invocations=4 (full 0):
 garbage-first heap   total 51200K, used 15106K [0x0000000705a00000, 0x0000000800000000)
  region size 1024K, 2 young (2048K), 2 survivors (2048K)
 Metaspace       used 21708K, capacity 22441K, committed 22784K, reserved 1069056K
  class space    used 2669K, capacity 2946K, committed 3072K, reserved 1048576K
}
Event: 77.608 GC heap before
{Heap before GC invocations=4 (full 0):
 garbage-first heap   total 51200K, used 32514K [0x0000000705a00000, 0x0000000800000000)
  region size 1024K, 20 young (20480K), 2 survivors (2048K)
 Metaspace       used 21846K, capacity 22633K, committed 22784K, reserved 1069056K
  class space    used 2679K, capacity 2946K, committed 3072K, reserved 1048576K
}
Event: 77.610 GC heap after
{Heap after GC invocations=5 (full 0):
 garbage-first heap   total 51200K, used 14461K [0x0000000705a00000, 0x0000000800000000)
  region size 1024K, 2 young (2048K), 2 survivors (2048K)
 Metaspace       used 21846K, capacity 22633K, committed 22784K, reserved 1069056K
  class space    used 2679K, capacity 2946K, committed 3072K, reserved 1048576K
}

