<?xml version="1.0" encoding="UTF-8"?>
<!-- Generated by org.testng.reporters.JUnitXMLReporter -->
<testsuite hostname="WKWZTkkju8qloIl" failures="0" tests="3" name="MobileMode" time="46.741" errors="0" timestamp="28 Aug 2024 07:16:44 GMT">
  <testcase classname="testCases.Step_IN_Mob" name="TC_Mob_Launch" time="26.463"/>
  <testcase classname="testCases.Step_IN_Mob" name="TC_Mob_GoToDetailPage" time="13.729"/>
  <testcase classname="testCases.Step_IN_Mob" name="TC_Mob_GetProducts" time="4.598"/>
</testsuite> <!-- MobileMode -->
