<?xml version="1.0" encoding="UTF-8"?>
<!-- Generated by org.testng.reporters.JUnitXMLReporter -->
<testsuite hostname="WKWZTkkju8qloIl" failures="0" tests="5" name="TestCases" time="138.527" errors="0" timestamp="28 Aug 2024 08:40:26 GMT">
  <testcase classname="testCases.Step_IN_Sequential" name="TC_UI_Launch_IndianExpress" time="17.167"/>
  <testcase classname="testCases.Step_IN_Sequential" name="TC_UI_Search_StepInForum" time="81.884"/>
  <testcase classname="testCases.Step_IN_Sequential" name="TC_Mob_Launch" time="23.679"/>
  <testcase classname="testCases.Step_IN_Sequential" name="TC_Mob_GoToDetailPage" time="5.229"/>
  <testcase classname="testCases.Step_IN_Sequential" name="TC_Mob_GetProducts" time="9.285"/>
</testsuite> <!-- TestCases -->
