<?xml version="1.0" encoding="UTF-8"?>
<!-- Generated by org.testng.reporters.JUnitXMLReporter -->
<testsuite hostname="WKWZTkkju8qloIl" failures="1" tests="2" name="UIMode" time="42.897" errors="0" timestamp="28 Aug 2024 07:16:40 GMT">
  <testcase classname="testCases.Step_IN_UI" name="TC_UI_Launch_IndianExpress" time="38.353"/>
  <testcase classname="testCases.Step_IN_UI" name="TC_UI_Search_StepInForum" time="4.011">
    <failure type="java.lang.NullPointerException">
      <![CDATA[java.lang.NullPointerException
	at configuration.Keywords.click(Keywords.java:201)
	at testCases.Step_IN_UI.TC_UI_Search_StepInForum(Step_IN_UI.java:39)
	at java.base/java.util.concurrent.FutureTask.run(FutureTask.java:264)
	at java.base/java.util.concurrent.ThreadPoolExecutor.runWorker(ThreadPoolExecutor.java:1128)
	at java.base/java.util.concurrent.ThreadPoolExecutor$Worker.run(ThreadPoolExecutor.java:628)
	at java.base/java.lang.Thread.run(Thread.java:835)
... Removed 16 stack frames]]>
    </failure>
  </testcase> <!-- TC_UI_Search_StepInForum -->
</testsuite> <!-- UIMode -->
